2024-06-05T01:32:38.470+09:00  WARN 32048 --- [demo] [HikariPool-1 housekeeper] com.zaxxer.hikari.pool.HikariPool        : HikariPool-1 - Thread starvation or clock leap detected (housekeeper delta=2h1m48s403ms503µs600ns).
2024-06-05T10:42:24.017+09:00  WARN 32048 --- [demo] [HikariPool-1 housekeeper] com.zaxxer.hikari.pool.HikariPool        : HikariPool-1 - Thread starvation or clock leap detected (housekeeper delta=9h9m55s404ms668µs300ns).
2024-06-05T10:49:47.419+09:00  INFO 32048 --- [demo] [SpringApplicationShutdownHook] j.LocalContainerEntityManagerFactoryBean : Closing JPA EntityManagerFactory for persistence unit 'default'
2024-06-05T10:49:47.436+09:00  INFO 32048 --- [demo] [SpringApplicationShutdownHook] com.zaxxer.hikari.HikariDataSource       : HikariPool-1 - Shutdown initiated...
2024-06-05T10:49:47.443+09:00  INFO 32048 --- [demo] [SpringApplicationShutdownHook] com.zaxxer.hikari.HikariDataSource       : HikariPool-1 - Shutdown completed.
2024-06-05T11:04:02.255+09:00  INFO 900 --- [demo] [main] dance.withgnu.demo.DemoApplication       : Starting DemoApplication using Java 17.0.9 with PID 900 (C:\Users\82105\Downloads\Desktop\DanceWithGnu\demo\build\classes\java\main started by 82105 in C:\Users\82105\Downloads\Desktop\DanceWithGnu\demo)
2024-06-05T11:04:02.259+09:00  INFO 900 --- [demo] [main] dance.withgnu.demo.DemoApplication       : No active profile set, falling back to 1 default profile: "default"
2024-06-05T11:04:03.571+09:00  INFO 900 --- [demo] [main] .s.d.r.c.RepositoryConfigurationDelegate : Bootstrapping Spring Data JPA repositories in DEFAULT mode.
2024-06-05T11:04:03.716+09:00  INFO 900 --- [demo] [main] .s.d.r.c.RepositoryConfigurationDelegate : Finished Spring Data repository scanning in 133 ms. Found 6 JPA repository interfaces.
2024-06-05T11:04:04.518+09:00  INFO 900 --- [demo] [main] o.s.b.w.embedded.tomcat.TomcatWebServer  : Tomcat initialized with port 8080 (http)
2024-06-05T11:04:04.534+09:00  INFO 900 --- [demo] [main] o.apache.catalina.core.StandardService   : Starting service [Tomcat]
2024-06-05T11:04:04.534+09:00  INFO 900 --- [demo] [main] o.apache.catalina.core.StandardEngine    : Starting Servlet engine: [Apache Tomcat/10.1.20]
2024-06-05T11:04:04.649+09:00  INFO 900 --- [demo] [main] o.a.c.c.C.[Tomcat].[localhost].[/]       : Initializing Spring embedded WebApplicationContext
2024-06-05T11:04:04.650+09:00  INFO 900 --- [demo] [main] w.s.c.ServletWebServerApplicationContext : Root WebApplicationContext: initialization completed in 2334 ms
2024-06-05T11:04:04.875+09:00  INFO 900 --- [demo] [main] o.hibernate.jpa.internal.util.LogHelper  : HHH000204: Processing PersistenceUnitInfo [name: default]
2024-06-05T11:04:04.984+09:00  INFO 900 --- [demo] [main] org.hibernate.Version                    : HHH000412: Hibernate ORM core version 6.4.4.Final
2024-06-05T11:04:05.040+09:00  INFO 900 --- [demo] [main] o.h.c.internal.RegionFactoryInitiator    : HHH000026: Second-level cache disabled
2024-06-05T11:04:05.438+09:00  INFO 900 --- [demo] [main] o.s.o.j.p.SpringPersistenceUnitInfo      : No LoadTimeWeaver setup: ignoring JPA class transformer
2024-06-05T11:04:05.480+09:00  INFO 900 --- [demo] [main] com.zaxxer.hikari.HikariDataSource       : HikariPool-1 - Starting...
2024-06-05T11:04:06.015+09:00  INFO 900 --- [demo] [main] com.zaxxer.hikari.pool.HikariPool        : HikariPool-1 - Added connection com.mysql.cj.jdbc.ConnectionImpl@3df04fa1
2024-06-05T11:04:06.019+09:00  INFO 900 --- [demo] [main] com.zaxxer.hikari.HikariDataSource       : HikariPool-1 - Start completed.
2024-06-05T11:04:06.061+09:00  WARN 900 --- [demo] [main] org.hibernate.orm.deprecation            : HHH90000025: MySQL8Dialect does not need to be specified explicitly using 'hibernate.dialect' (remove the property setting and it will be selected by default)
2024-06-05T11:04:06.063+09:00  WARN 900 --- [demo] [main] org.hibernate.orm.deprecation            : HHH90000026: MySQL8Dialect has been deprecated; use org.hibernate.dialect.MySQLDialect instead
2024-06-05T11:04:07.441+09:00  INFO 900 --- [demo] [main] o.h.e.t.j.p.i.JtaPlatformInitiator       : HHH000489: No JTA platform available (set 'hibernate.transaction.jta.platform' to enable JTA platform integration)
2024-06-05T11:04:07.658+09:00  INFO 900 --- [demo] [main] j.LocalContainerEntityManagerFactoryBean : Initialized JPA EntityManagerFactory for persistence unit 'default'
2024-06-05T11:04:08.124+09:00  INFO 900 --- [demo] [main] o.s.d.j.r.query.QueryEnhancerFactory     : Hibernate is in classpath; If applicable, HQL parser will be used.
2024-06-05T11:04:09.514+09:00  WARN 900 --- [demo] [main] ConfigServletWebServerApplicationContext : Exception encountered during context initialization - cancelling refresh attempt: org.springframework.beans.factory.BeanCreationException: Error creating bean with name 'mainController': Injection of autowired dependencies failed
2024-06-05T11:04:09.515+09:00  INFO 900 --- [demo] [main] j.LocalContainerEntityManagerFactoryBean : Closing JPA EntityManagerFactory for persistence unit 'default'
2024-06-05T11:04:09.517+09:00  INFO 900 --- [demo] [main] com.zaxxer.hikari.HikariDataSource       : HikariPool-1 - Shutdown initiated...
2024-06-05T11:04:09.528+09:00  INFO 900 --- [demo] [main] com.zaxxer.hikari.HikariDataSource       : HikariPool-1 - Shutdown completed.
2024-06-05T11:04:09.530+09:00  INFO 900 --- [demo] [main] o.apache.catalina.core.StandardService   : Stopping service [Tomcat]
2024-06-05T11:04:09.547+09:00  INFO 900 --- [demo] [main] .s.b.a.l.ConditionEvaluationReportLogger : 

Error starting ApplicationContext. To display the condition evaluation report re-run your application with 'debug' enabled.
2024-06-05T11:04:09.571+09:00 ERROR 900 --- [demo] [main] o.s.boot.SpringApplication               : Application run failed

org.springframework.beans.factory.BeanCreationException: Error creating bean with name 'mainController': Injection of autowired dependencies failed
	at org.springframework.beans.factory.annotation.AutowiredAnnotationBeanPostProcessor.postProcessProperties(AutowiredAnnotationBeanPostProcessor.java:514) ~[spring-beans-6.1.6.jar:6.1.6]
	at org.springframework.beans.factory.support.AbstractAutowireCapableBeanFactory.populateBean(AbstractAutowireCapableBeanFactory.java:1419) ~[spring-beans-6.1.6.jar:6.1.6]
	at org.springframework.beans.factory.support.AbstractAutowireCapableBeanFactory.doCreateBean(AbstractAutowireCapableBeanFactory.java:599) ~[spring-beans-6.1.6.jar:6.1.6]
	at org.springframework.beans.factory.support.AbstractAutowireCapableBeanFactory.createBean(AbstractAutowireCapableBeanFactory.java:522) ~[spring-beans-6.1.6.jar:6.1.6]
	at org.springframework.beans.factory.support.AbstractBeanFactory.lambda$doGetBean$0(AbstractBeanFactory.java:326) ~[spring-beans-6.1.6.jar:6.1.6]
	at org.springframework.beans.factory.support.DefaultSingletonBeanRegistry.getSingleton(DefaultSingletonBeanRegistry.java:234) ~[spring-beans-6.1.6.jar:6.1.6]
	at org.springframework.beans.factory.support.AbstractBeanFactory.doGetBean(AbstractBeanFactory.java:324) ~[spring-beans-6.1.6.jar:6.1.6]
	at org.springframework.beans.factory.support.AbstractBeanFactory.getBean(AbstractBeanFactory.java:200) ~[spring-beans-6.1.6.jar:6.1.6]
	at org.springframework.beans.factory.support.DefaultListableBeanFactory.preInstantiateSingletons(DefaultListableBeanFactory.java:975) ~[spring-beans-6.1.6.jar:6.1.6]
	at org.springframework.context.support.AbstractApplicationContext.finishBeanFactoryInitialization(AbstractApplicationContext.java:962) ~[spring-context-6.1.6.jar:6.1.6]
	at org.springframework.context.support.AbstractApplicationContext.refresh(AbstractApplicationContext.java:624) ~[spring-context-6.1.6.jar:6.1.6]
	at org.springframework.boot.web.servlet.context.ServletWebServerApplicationContext.refresh(ServletWebServerApplicationContext.java:146) ~[spring-boot-3.2.5.jar:3.2.5]
	at org.springframework.boot.SpringApplication.refresh(SpringApplication.java:754) ~[spring-boot-3.2.5.jar:3.2.5]
	at org.springframework.boot.SpringApplication.refreshContext(SpringApplication.java:456) ~[spring-boot-3.2.5.jar:3.2.5]
	at org.springframework.boot.SpringApplication.run(SpringApplication.java:334) ~[spring-boot-3.2.5.jar:3.2.5]
	at org.springframework.boot.SpringApplication.run(SpringApplication.java:1354) ~[spring-boot-3.2.5.jar:3.2.5]
	at org.springframework.boot.SpringApplication.run(SpringApplication.java:1343) ~[spring-boot-3.2.5.jar:3.2.5]
	at dance.withgnu.demo.DemoApplication.main(DemoApplication.java:13) ~[main/:na]
Caused by: java.lang.IllegalArgumentException: Could not resolve placeholder 'AI_HOST' in value "${AI_HOST}"
	at org.springframework.util.PropertyPlaceholderHelper.parseStringValue(PropertyPlaceholderHelper.java:180) ~[spring-core-6.1.6.jar:6.1.6]
	at org.springframework.util.PropertyPlaceholderHelper.replacePlaceholders(PropertyPlaceholderHelper.java:126) ~[spring-core-6.1.6.jar:6.1.6]
	at org.springframework.core.env.AbstractPropertyResolver.doResolvePlaceholders(AbstractPropertyResolver.java:239) ~[spring-core-6.1.6.jar:6.1.6]
	at org.springframework.core.env.AbstractPropertyResolver.resolveRequiredPlaceholders(AbstractPropertyResolver.java:210) ~[spring-core-6.1.6.jar:6.1.6]
	at org.springframework.core.env.AbstractPropertyResolver.resolveNestedPlaceholders(AbstractPropertyResolver.java:230) ~[spring-core-6.1.6.jar:6.1.6]
	at org.springframework.boot.context.properties.source.ConfigurationPropertySourcesPropertyResolver.getProperty(ConfigurationPropertySourcesPropertyResolver.java:80) ~[spring-boot-3.2.5.jar:3.2.5]
	at org.springframework.boot.context.properties.source.ConfigurationPropertySourcesPropertyResolver.getProperty(ConfigurationPropertySourcesPropertyResolver.java:61) ~[spring-boot-3.2.5.jar:3.2.5]
	at org.springframework.core.env.AbstractEnvironment.getProperty(AbstractEnvironment.java:552) ~[spring-core-6.1.6.jar:6.1.6]
	at org.springframework.context.support.PropertySourcesPlaceholderConfigurer$1.getProperty(PropertySourcesPlaceholderConfigurer.java:153) ~[spring-context-6.1.6.jar:6.1.6]
	at org.springframework.context.support.PropertySourcesPlaceholderConfigurer$1.getProperty(PropertySourcesPlaceholderConfigurer.java:149) ~[spring-context-6.1.6.jar:6.1.6]
	at org.springframework.core.env.PropertySourcesPropertyResolver.getProperty(PropertySourcesPropertyResolver.java:85) ~[spring-core-6.1.6.jar:6.1.6]
	at org.springframework.core.env.PropertySourcesPropertyResolver.getPropertyAsRawString(PropertySourcesPropertyResolver.java:74) ~[spring-core-6.1.6.jar:6.1.6]
	at org.springframework.util.PropertyPlaceholderHelper.parseStringValue(PropertyPlaceholderHelper.java:153) ~[spring-core-6.1.6.jar:6.1.6]
	at org.springframework.util.PropertyPlaceholderHelper.replacePlaceholders(PropertyPlaceholderHelper.java:126) ~[spring-core-6.1.6.jar:6.1.6]
	at org.springframework.core.env.AbstractPropertyResolver.doResolvePlaceholders(AbstractPropertyResolver.java:239) ~[spring-core-6.1.6.jar:6.1.6]
	at org.springframework.core.env.AbstractPropertyResolver.resolveRequiredPlaceholders(AbstractPropertyResolver.java:210) ~[spring-core-6.1.6.jar:6.1.6]
	at org.springframework.context.support.PropertySourcesPlaceholderConfigurer.lambda$processProperties$0(PropertySourcesPlaceholderConfigurer.java:200) ~[spring-context-6.1.6.jar:6.1.6]
	at org.springframework.beans.factory.support.AbstractBeanFactory.resolveEmbeddedValue(AbstractBeanFactory.java:953) ~[spring-beans-6.1.6.jar:6.1.6]
	at org.springframework.beans.factory.support.DefaultListableBeanFactory.doResolveDependency(DefaultListableBeanFactory.java:1374) ~[spring-beans-6.1.6.jar:6.1.6]
	at org.springframework.beans.factory.support.DefaultListableBeanFactory.resolveDependency(DefaultListableBeanFactory.java:1353) ~[spring-beans-6.1.6.jar:6.1.6]
	at org.springframework.beans.factory.annotation.AutowiredAnnotationBeanPostProcessor$AutowiredFieldElement.resolveFieldValue(AutowiredAnnotationBeanPostProcessor.java:784) ~[spring-beans-6.1.6.jar:6.1.6]
	at org.springframework.beans.factory.annotation.AutowiredAnnotationBeanPostProcessor$AutowiredFieldElement.inject(AutowiredAnnotationBeanPostProcessor.java:767) ~[spring-beans-6.1.6.jar:6.1.6]
	at org.springframework.beans.factory.annotation.InjectionMetadata.inject(InjectionMetadata.java:145) ~[spring-beans-6.1.6.jar:6.1.6]
	at org.springframework.beans.factory.annotation.AutowiredAnnotationBeanPostProcessor.postProcessProperties(AutowiredAnnotationBeanPostProcessor.java:508) ~[spring-beans-6.1.6.jar:6.1.6]
	... 17 common frames omitted

2024-06-05T11:08:00.787+09:00  INFO 21520 --- [demo] [main] dance.withgnu.demo.DemoApplication       : Starting DemoApplication using Java 17.0.9 with PID 21520 (C:\Users\82105\Downloads\Desktop\DanceWithGnu\demo\build\classes\java\main started by 82105 in C:\Users\82105\Downloads\Desktop\DanceWithGnu\demo)
2024-06-05T11:08:00.791+09:00  INFO 21520 --- [demo] [main] dance.withgnu.demo.DemoApplication       : No active profile set, falling back to 1 default profile: "default"
2024-06-05T11:08:02.238+09:00  INFO 21520 --- [demo] [main] .s.d.r.c.RepositoryConfigurationDelegate : Bootstrapping Spring Data JPA repositories in DEFAULT mode.
2024-06-05T11:08:02.403+09:00  INFO 21520 --- [demo] [main] .s.d.r.c.RepositoryConfigurationDelegate : Finished Spring Data repository scanning in 154 ms. Found 6 JPA repository interfaces.
2024-06-05T11:08:03.145+09:00  INFO 21520 --- [demo] [main] o.s.b.w.embedded.tomcat.TomcatWebServer  : Tomcat initialized with port 8080 (http)
2024-06-05T11:08:03.158+09:00  INFO 21520 --- [demo] [main] o.apache.catalina.core.StandardService   : Starting service [Tomcat]
2024-06-05T11:08:03.158+09:00  INFO 21520 --- [demo] [main] o.apache.catalina.core.StandardEngine    : Starting Servlet engine: [Apache Tomcat/10.1.20]
2024-06-05T11:08:03.273+09:00  INFO 21520 --- [demo] [main] o.a.c.c.C.[Tomcat].[localhost].[/]       : Initializing Spring embedded WebApplicationContext
2024-06-05T11:08:03.273+09:00  INFO 21520 --- [demo] [main] w.s.c.ServletWebServerApplicationContext : Root WebApplicationContext: initialization completed in 2415 ms
2024-06-05T11:08:03.503+09:00  INFO 21520 --- [demo] [main] o.hibernate.jpa.internal.util.LogHelper  : HHH000204: Processing PersistenceUnitInfo [name: default]
2024-06-05T11:08:03.586+09:00  INFO 21520 --- [demo] [main] org.hibernate.Version                    : HHH000412: Hibernate ORM core version 6.4.4.Final
2024-06-05T11:08:03.634+09:00  INFO 21520 --- [demo] [main] o.h.c.internal.RegionFactoryInitiator    : HHH000026: Second-level cache disabled
2024-06-05T11:08:03.975+09:00  INFO 21520 --- [demo] [main] o.s.o.j.p.SpringPersistenceUnitInfo      : No LoadTimeWeaver setup: ignoring JPA class transformer
2024-06-05T11:08:04.009+09:00  INFO 21520 --- [demo] [main] com.zaxxer.hikari.HikariDataSource       : HikariPool-1 - Starting...
2024-06-05T11:08:04.464+09:00  INFO 21520 --- [demo] [main] com.zaxxer.hikari.pool.HikariPool        : HikariPool-1 - Added connection com.mysql.cj.jdbc.ConnectionImpl@2ec92631
2024-06-05T11:08:04.468+09:00  INFO 21520 --- [demo] [main] com.zaxxer.hikari.HikariDataSource       : HikariPool-1 - Start completed.
2024-06-05T11:08:04.504+09:00  WARN 21520 --- [demo] [main] org.hibernate.orm.deprecation            : HHH90000025: MySQL8Dialect does not need to be specified explicitly using 'hibernate.dialect' (remove the property setting and it will be selected by default)
2024-06-05T11:08:04.506+09:00  WARN 21520 --- [demo] [main] org.hibernate.orm.deprecation            : HHH90000026: MySQL8Dialect has been deprecated; use org.hibernate.dialect.MySQLDialect instead
2024-06-05T11:08:06.081+09:00  INFO 21520 --- [demo] [main] o.h.e.t.j.p.i.JtaPlatformInitiator       : HHH000489: No JTA platform available (set 'hibernate.transaction.jta.platform' to enable JTA platform integration)
2024-06-05T11:08:06.218+09:00  INFO 21520 --- [demo] [main] j.LocalContainerEntityManagerFactoryBean : Initialized JPA EntityManagerFactory for persistence unit 'default'
2024-06-05T11:08:06.535+09:00  INFO 21520 --- [demo] [main] o.s.d.j.r.query.QueryEnhancerFactory     : Hibernate is in classpath; If applicable, HQL parser will be used.
2024-06-05T11:08:07.710+09:00  WARN 21520 --- [demo] [main] ConfigServletWebServerApplicationContext : Exception encountered during context initialization - cancelling refresh attempt: org.springframework.beans.factory.BeanCreationException: Error creating bean with name 'mainController': Injection of autowired dependencies failed
2024-06-05T11:08:07.712+09:00  INFO 21520 --- [demo] [main] j.LocalContainerEntityManagerFactoryBean : Closing JPA EntityManagerFactory for persistence unit 'default'
2024-06-05T11:08:07.714+09:00  INFO 21520 --- [demo] [main] com.zaxxer.hikari.HikariDataSource       : HikariPool-1 - Shutdown initiated...
2024-06-05T11:08:07.724+09:00  INFO 21520 --- [demo] [main] com.zaxxer.hikari.HikariDataSource       : HikariPool-1 - Shutdown completed.
2024-06-05T11:08:07.726+09:00  INFO 21520 --- [demo] [main] o.apache.catalina.core.StandardService   : Stopping service [Tomcat]
2024-06-05T11:08:07.745+09:00  INFO 21520 --- [demo] [main] .s.b.a.l.ConditionEvaluationReportLogger : 

Error starting ApplicationContext. To display the condition evaluation report re-run your application with 'debug' enabled.
2024-06-05T11:08:07.776+09:00 ERROR 21520 --- [demo] [main] o.s.boot.SpringApplication               : Application run failed

org.springframework.beans.factory.BeanCreationException: Error creating bean with name 'mainController': Injection of autowired dependencies failed
	at org.springframework.beans.factory.annotation.AutowiredAnnotationBeanPostProcessor.postProcessProperties(AutowiredAnnotationBeanPostProcessor.java:514) ~[spring-beans-6.1.6.jar:6.1.6]
	at org.springframework.beans.factory.support.AbstractAutowireCapableBeanFactory.populateBean(AbstractAutowireCapableBeanFactory.java:1419) ~[spring-beans-6.1.6.jar:6.1.6]
	at org.springframework.beans.factory.support.AbstractAutowireCapableBeanFactory.doCreateBean(AbstractAutowireCapableBeanFactory.java:599) ~[spring-beans-6.1.6.jar:6.1.6]
	at org.springframework.beans.factory.support.AbstractAutowireCapableBeanFactory.createBean(AbstractAutowireCapableBeanFactory.java:522) ~[spring-beans-6.1.6.jar:6.1.6]
	at org.springframework.beans.factory.support.AbstractBeanFactory.lambda$doGetBean$0(AbstractBeanFactory.java:326) ~[spring-beans-6.1.6.jar:6.1.6]
	at org.springframework.beans.factory.support.DefaultSingletonBeanRegistry.getSingleton(DefaultSingletonBeanRegistry.java:234) ~[spring-beans-6.1.6.jar:6.1.6]
	at org.springframework.beans.factory.support.AbstractBeanFactory.doGetBean(AbstractBeanFactory.java:324) ~[spring-beans-6.1.6.jar:6.1.6]
	at org.springframework.beans.factory.support.AbstractBeanFactory.getBean(AbstractBeanFactory.java:200) ~[spring-beans-6.1.6.jar:6.1.6]
	at org.springframework.beans.factory.support.DefaultListableBeanFactory.preInstantiateSingletons(DefaultListableBeanFactory.java:975) ~[spring-beans-6.1.6.jar:6.1.6]
	at org.springframework.context.support.AbstractApplicationContext.finishBeanFactoryInitialization(AbstractApplicationContext.java:962) ~[spring-context-6.1.6.jar:6.1.6]
	at org.springframework.context.support.AbstractApplicationContext.refresh(AbstractApplicationContext.java:624) ~[spring-context-6.1.6.jar:6.1.6]
	at org.springframework.boot.web.servlet.context.ServletWebServerApplicationContext.refresh(ServletWebServerApplicationContext.java:146) ~[spring-boot-3.2.5.jar:3.2.5]
	at org.springframework.boot.SpringApplication.refresh(SpringApplication.java:754) ~[spring-boot-3.2.5.jar:3.2.5]
	at org.springframework.boot.SpringApplication.refreshContext(SpringApplication.java:456) ~[spring-boot-3.2.5.jar:3.2.5]
	at org.springframework.boot.SpringApplication.run(SpringApplication.java:334) ~[spring-boot-3.2.5.jar:3.2.5]
	at org.springframework.boot.SpringApplication.run(SpringApplication.java:1354) ~[spring-boot-3.2.5.jar:3.2.5]
	at org.springframework.boot.SpringApplication.run(SpringApplication.java:1343) ~[spring-boot-3.2.5.jar:3.2.5]
	at dance.withgnu.demo.DemoApplication.main(DemoApplication.java:13) ~[main/:na]
Caused by: java.lang.IllegalArgumentException: Could not resolve placeholder 'AI_HOST' in value "${AI_HOST}"
	at org.springframework.util.PropertyPlaceholderHelper.parseStringValue(PropertyPlaceholderHelper.java:180) ~[spring-core-6.1.6.jar:6.1.6]
	at org.springframework.util.PropertyPlaceholderHelper.replacePlaceholders(PropertyPlaceholderHelper.java:126) ~[spring-core-6.1.6.jar:6.1.6]
	at org.springframework.core.env.AbstractPropertyResolver.doResolvePlaceholders(AbstractPropertyResolver.java:239) ~[spring-core-6.1.6.jar:6.1.6]
	at org.springframework.core.env.AbstractPropertyResolver.resolveRequiredPlaceholders(AbstractPropertyResolver.java:210) ~[spring-core-6.1.6.jar:6.1.6]
	at org.springframework.core.env.AbstractPropertyResolver.resolveNestedPlaceholders(AbstractPropertyResolver.java:230) ~[spring-core-6.1.6.jar:6.1.6]
	at org.springframework.boot.context.properties.source.ConfigurationPropertySourcesPropertyResolver.getProperty(ConfigurationPropertySourcesPropertyResolver.java:80) ~[spring-boot-3.2.5.jar:3.2.5]
	at org.springframework.boot.context.properties.source.ConfigurationPropertySourcesPropertyResolver.getProperty(ConfigurationPropertySourcesPropertyResolver.java:61) ~[spring-boot-3.2.5.jar:3.2.5]
	at org.springframework.core.env.AbstractEnvironment.getProperty(AbstractEnvironment.java:552) ~[spring-core-6.1.6.jar:6.1.6]
	at org.springframework.context.support.PropertySourcesPlaceholderConfigurer$1.getProperty(PropertySourcesPlaceholderConfigurer.java:153) ~[spring-context-6.1.6.jar:6.1.6]
	at org.springframework.context.support.PropertySourcesPlaceholderConfigurer$1.getProperty(PropertySourcesPlaceholderConfigurer.java:149) ~[spring-context-6.1.6.jar:6.1.6]
	at org.springframework.core.env.PropertySourcesPropertyResolver.getProperty(PropertySourcesPropertyResolver.java:85) ~[spring-core-6.1.6.jar:6.1.6]
	at org.springframework.core.env.PropertySourcesPropertyResolver.getPropertyAsRawString(PropertySourcesPropertyResolver.java:74) ~[spring-core-6.1.6.jar:6.1.6]
	at org.springframework.util.PropertyPlaceholderHelper.parseStringValue(PropertyPlaceholderHelper.java:153) ~[spring-core-6.1.6.jar:6.1.6]
	at org.springframework.util.PropertyPlaceholderHelper.replacePlaceholders(PropertyPlaceholderHelper.java:126) ~[spring-core-6.1.6.jar:6.1.6]
	at org.springframework.core.env.AbstractPropertyResolver.doResolvePlaceholders(AbstractPropertyResolver.java:239) ~[spring-core-6.1.6.jar:6.1.6]
	at org.springframework.core.env.AbstractPropertyResolver.resolveRequiredPlaceholders(AbstractPropertyResolver.java:210) ~[spring-core-6.1.6.jar:6.1.6]
	at org.springframework.context.support.PropertySourcesPlaceholderConfigurer.lambda$processProperties$0(PropertySourcesPlaceholderConfigurer.java:200) ~[spring-context-6.1.6.jar:6.1.6]
	at org.springframework.beans.factory.support.AbstractBeanFactory.resolveEmbeddedValue(AbstractBeanFactory.java:953) ~[spring-beans-6.1.6.jar:6.1.6]
	at org.springframework.beans.factory.support.DefaultListableBeanFactory.doResolveDependency(DefaultListableBeanFactory.java:1374) ~[spring-beans-6.1.6.jar:6.1.6]
	at org.springframework.beans.factory.support.DefaultListableBeanFactory.resolveDependency(DefaultListableBeanFactory.java:1353) ~[spring-beans-6.1.6.jar:6.1.6]
	at org.springframework.beans.factory.annotation.AutowiredAnnotationBeanPostProcessor$AutowiredFieldElement.resolveFieldValue(AutowiredAnnotationBeanPostProcessor.java:784) ~[spring-beans-6.1.6.jar:6.1.6]
	at org.springframework.beans.factory.annotation.AutowiredAnnotationBeanPostProcessor$AutowiredFieldElement.inject(AutowiredAnnotationBeanPostProcessor.java:767) ~[spring-beans-6.1.6.jar:6.1.6]
	at org.springframework.beans.factory.annotation.InjectionMetadata.inject(InjectionMetadata.java:145) ~[spring-beans-6.1.6.jar:6.1.6]
	at org.springframework.beans.factory.annotation.AutowiredAnnotationBeanPostProcessor.postProcessProperties(AutowiredAnnotationBeanPostProcessor.java:508) ~[spring-beans-6.1.6.jar:6.1.6]
	... 17 common frames omitted

2024-06-05T11:09:22.986+09:00  INFO 33560 --- [demo] [main] dance.withgnu.demo.DemoApplication       : Starting DemoApplication using Java 17.0.9 with PID 33560 (C:\Users\82105\Downloads\Desktop\DanceWithGnu\demo\build\classes\java\main started by 82105 in C:\Users\82105\Downloads\Desktop\DanceWithGnu\demo)
2024-06-05T11:09:22.989+09:00  INFO 33560 --- [demo] [main] dance.withgnu.demo.DemoApplication       : No active profile set, falling back to 1 default profile: "default"
2024-06-05T11:09:24.164+09:00  INFO 33560 --- [demo] [main] .s.d.r.c.RepositoryConfigurationDelegate : Bootstrapping Spring Data JPA repositories in DEFAULT mode.
2024-06-05T11:09:24.293+09:00  INFO 33560 --- [demo] [main] .s.d.r.c.RepositoryConfigurationDelegate : Finished Spring Data repository scanning in 120 ms. Found 6 JPA repository interfaces.
2024-06-05T11:09:24.989+09:00  INFO 33560 --- [demo] [main] o.s.b.w.embedded.tomcat.TomcatWebServer  : Tomcat initialized with port 8080 (http)
2024-06-05T11:09:25.006+09:00  INFO 33560 --- [demo] [main] o.apache.catalina.core.StandardService   : Starting service [Tomcat]
2024-06-05T11:09:25.006+09:00  INFO 33560 --- [demo] [main] o.apache.catalina.core.StandardEngine    : Starting Servlet engine: [Apache Tomcat/10.1.20]
2024-06-05T11:09:25.115+09:00  INFO 33560 --- [demo] [main] o.a.c.c.C.[Tomcat].[localhost].[/]       : Initializing Spring embedded WebApplicationContext
2024-06-05T11:09:25.115+09:00  INFO 33560 --- [demo] [main] w.s.c.ServletWebServerApplicationContext : Root WebApplicationContext: initialization completed in 2068 ms
2024-06-05T11:09:25.316+09:00  INFO 33560 --- [demo] [main] o.hibernate.jpa.internal.util.LogHelper  : HHH000204: Processing PersistenceUnitInfo [name: default]
2024-06-05T11:09:25.394+09:00  INFO 33560 --- [demo] [main] org.hibernate.Version                    : HHH000412: Hibernate ORM core version 6.4.4.Final
2024-06-05T11:09:25.442+09:00  INFO 33560 --- [demo] [main] o.h.c.internal.RegionFactoryInitiator    : HHH000026: Second-level cache disabled
2024-06-05T11:09:25.787+09:00  INFO 33560 --- [demo] [main] o.s.o.j.p.SpringPersistenceUnitInfo      : No LoadTimeWeaver setup: ignoring JPA class transformer
2024-06-05T11:09:25.826+09:00  INFO 33560 --- [demo] [main] com.zaxxer.hikari.HikariDataSource       : HikariPool-1 - Starting...
2024-06-05T11:09:26.241+09:00  INFO 33560 --- [demo] [main] com.zaxxer.hikari.pool.HikariPool        : HikariPool-1 - Added connection com.mysql.cj.jdbc.ConnectionImpl@71f29d91
2024-06-05T11:09:26.244+09:00  INFO 33560 --- [demo] [main] com.zaxxer.hikari.HikariDataSource       : HikariPool-1 - Start completed.
2024-06-05T11:09:26.275+09:00  WARN 33560 --- [demo] [main] org.hibernate.orm.deprecation            : HHH90000025: MySQL8Dialect does not need to be specified explicitly using 'hibernate.dialect' (remove the property setting and it will be selected by default)
2024-06-05T11:09:26.277+09:00  WARN 33560 --- [demo] [main] org.hibernate.orm.deprecation            : HHH90000026: MySQL8Dialect has been deprecated; use org.hibernate.dialect.MySQLDialect instead
2024-06-05T11:09:27.453+09:00  INFO 33560 --- [demo] [main] o.h.e.t.j.p.i.JtaPlatformInitiator       : HHH000489: No JTA platform available (set 'hibernate.transaction.jta.platform' to enable JTA platform integration)
2024-06-05T11:09:27.565+09:00  INFO 33560 --- [demo] [main] j.LocalContainerEntityManagerFactoryBean : Initialized JPA EntityManagerFactory for persistence unit 'default'
2024-06-05T11:09:27.842+09:00  INFO 33560 --- [demo] [main] o.s.d.j.r.query.QueryEnhancerFactory     : Hibernate is in classpath; If applicable, HQL parser will be used.
2024-06-05T11:09:29.220+09:00  WARN 33560 --- [demo] [main] JpaBaseConfiguration$JpaWebConfiguration : spring.jpa.open-in-view is enabled by default. Therefore, database queries may be performed during view rendering. Explicitly configure spring.jpa.open-in-view to disable this warning
2024-06-05T11:09:30.403+09:00  INFO 33560 --- [demo] [main] o.s.s.web.DefaultSecurityFilterChain     : Will secure any request with [org.springframework.security.web.session.DisableEncodeUrlFilter@7d932611, org.springframework.security.web.context.request.async.WebAsyncManagerIntegrationFilter@2a09e0d4, org.springframework.security.web.context.SecurityContextHolderFilter@457512b, org.springframework.security.web.header.HeaderWriterFilter@32a53a59, org.springframework.web.filter.CorsFilter@1e019687, org.springframework.security.web.authentication.logout.LogoutFilter@c512269, org.springframework.security.oauth2.client.web.OAuth2AuthorizationRequestRedirectFilter@28a4ac78, org.springframework.security.oauth2.client.web.OAuth2LoginAuthenticationFilter@5b5b9038, org.springframework.security.web.savedrequest.RequestCacheAwareFilter@4dafea3f, org.springframework.security.web.servletapi.SecurityContextHolderAwareRequestFilter@531245fe, org.springframework.security.web.authentication.AnonymousAuthenticationFilter@41c983d3, org.springframework.security.web.access.ExceptionTranslationFilter@19ad99fa, org.springframework.security.web.access.intercept.AuthorizationFilter@61be2a65]
2024-06-05T11:09:30.795+09:00  INFO 33560 --- [demo] [main] o.s.b.w.embedded.tomcat.TomcatWebServer  : Tomcat started on port 8080 (http) with context path ''
2024-06-05T11:09:30.806+09:00  INFO 33560 --- [demo] [main] dance.withgnu.demo.DemoApplication       : Started DemoApplication in 8.435 seconds (process running for 9.387)
2024-06-05T11:10:44.569+09:00  INFO 33560 --- [demo] [http-nio-8080-exec-2] o.a.c.c.C.[Tomcat].[localhost].[/]       : Initializing Spring DispatcherServlet 'dispatcherServlet'
2024-06-05T11:10:44.570+09:00  INFO 33560 --- [demo] [http-nio-8080-exec-2] o.s.web.servlet.DispatcherServlet        : Initializing Servlet 'dispatcherServlet'
2024-06-05T11:10:44.572+09:00  INFO 33560 --- [demo] [http-nio-8080-exec-2] o.s.web.servlet.DispatcherServlet        : Completed initialization in 2 ms
2024-06-05T11:10:52.673+09:00  INFO 33560 --- [demo] [http-nio-8080-exec-10] o.springdoc.api.AbstractOpenApiResource  : Init duration for springdoc-openapi is: 339 ms
2024-06-05T11:20:51.232+09:00  INFO 33560 --- [demo] [SpringApplicationShutdownHook] j.LocalContainerEntityManagerFactoryBean : Closing JPA EntityManagerFactory for persistence unit 'default'
2024-06-05T11:20:51.236+09:00  INFO 33560 --- [demo] [SpringApplicationShutdownHook] com.zaxxer.hikari.HikariDataSource       : HikariPool-1 - Shutdown initiated...
2024-06-05T11:20:51.246+09:00  INFO 33560 --- [demo] [SpringApplicationShutdownHook] com.zaxxer.hikari.HikariDataSource       : HikariPool-1 - Shutdown completed.
2024-06-05T11:21:02.232+09:00  INFO 22156 --- [demo] [main] dance.withgnu.demo.DemoApplication       : Starting DemoApplication using Java 17.0.9 with PID 22156 (C:\Users\82105\Downloads\Desktop\DanceWithGnu\demo\build\classes\java\main started by 82105 in C:\Users\82105\Downloads\Desktop\DanceWithGnu\demo)
2024-06-05T11:21:02.254+09:00  INFO 22156 --- [demo] [main] dance.withgnu.demo.DemoApplication       : No active profile set, falling back to 1 default profile: "default"
2024-06-05T11:21:03.835+09:00  INFO 22156 --- [demo] [main] .s.d.r.c.RepositoryConfigurationDelegate : Bootstrapping Spring Data JPA repositories in DEFAULT mode.
2024-06-05T11:21:03.971+09:00  INFO 22156 --- [demo] [main] .s.d.r.c.RepositoryConfigurationDelegate : Finished Spring Data repository scanning in 125 ms. Found 6 JPA repository interfaces.
2024-06-05T11:21:04.810+09:00  INFO 22156 --- [demo] [main] o.s.b.w.embedded.tomcat.TomcatWebServer  : Tomcat initialized with port 8080 (http)
2024-06-05T11:21:04.828+09:00  INFO 22156 --- [demo] [main] o.apache.catalina.core.StandardService   : Starting service [Tomcat]
2024-06-05T11:21:04.828+09:00  INFO 22156 --- [demo] [main] o.apache.catalina.core.StandardEngine    : Starting Servlet engine: [Apache Tomcat/10.1.20]
2024-06-05T11:21:04.966+09:00  INFO 22156 --- [demo] [main] o.a.c.c.C.[Tomcat].[localhost].[/]       : Initializing Spring embedded WebApplicationContext
2024-06-05T11:21:04.966+09:00  INFO 22156 --- [demo] [main] w.s.c.ServletWebServerApplicationContext : Root WebApplicationContext: initialization completed in 2558 ms
2024-06-05T11:21:05.212+09:00  INFO 22156 --- [demo] [main] o.hibernate.jpa.internal.util.LogHelper  : HHH000204: Processing PersistenceUnitInfo [name: default]
2024-06-05T11:21:05.325+09:00  INFO 22156 --- [demo] [main] org.hibernate.Version                    : HHH000412: Hibernate ORM core version 6.4.4.Final
2024-06-05T11:21:05.382+09:00  INFO 22156 --- [demo] [main] o.h.c.internal.RegionFactoryInitiator    : HHH000026: Second-level cache disabled
2024-06-05T11:21:05.805+09:00  INFO 22156 --- [demo] [main] o.s.o.j.p.SpringPersistenceUnitInfo      : No LoadTimeWeaver setup: ignoring JPA class transformer
2024-06-05T11:21:05.856+09:00  INFO 22156 --- [demo] [main] com.zaxxer.hikari.HikariDataSource       : HikariPool-1 - Starting...
2024-06-05T11:21:06.347+09:00  INFO 22156 --- [demo] [main] com.zaxxer.hikari.pool.HikariPool        : HikariPool-1 - Added connection com.mysql.cj.jdbc.ConnectionImpl@2168def
2024-06-05T11:21:06.351+09:00  INFO 22156 --- [demo] [main] com.zaxxer.hikari.HikariDataSource       : HikariPool-1 - Start completed.
2024-06-05T11:21:06.389+09:00  WARN 22156 --- [demo] [main] org.hibernate.orm.deprecation            : HHH90000025: MySQL8Dialect does not need to be specified explicitly using 'hibernate.dialect' (remove the property setting and it will be selected by default)
2024-06-05T11:21:06.390+09:00  WARN 22156 --- [demo] [main] org.hibernate.orm.deprecation            : HHH90000026: MySQL8Dialect has been deprecated; use org.hibernate.dialect.MySQLDialect instead
2024-06-05T11:21:07.658+09:00  INFO 22156 --- [demo] [main] o.h.e.t.j.p.i.JtaPlatformInitiator       : HHH000489: No JTA platform available (set 'hibernate.transaction.jta.platform' to enable JTA platform integration)
2024-06-05T11:21:07.775+09:00  INFO 22156 --- [demo] [main] j.LocalContainerEntityManagerFactoryBean : Initialized JPA EntityManagerFactory for persistence unit 'default'
2024-06-05T11:21:08.064+09:00  INFO 22156 --- [demo] [main] o.s.d.j.r.query.QueryEnhancerFactory     : Hibernate is in classpath; If applicable, HQL parser will be used.
2024-06-05T11:21:09.313+09:00  WARN 22156 --- [demo] [main] JpaBaseConfiguration$JpaWebConfiguration : spring.jpa.open-in-view is enabled by default. Therefore, database queries may be performed during view rendering. Explicitly configure spring.jpa.open-in-view to disable this warning
2024-06-05T11:21:10.573+09:00  INFO 22156 --- [demo] [main] o.s.s.web.DefaultSecurityFilterChain     : Will secure any request with [org.springframework.security.web.session.DisableEncodeUrlFilter@6e9d60e1, org.springframework.security.web.context.request.async.WebAsyncManagerIntegrationFilter@207283b4, org.springframework.security.web.context.SecurityContextHolderFilter@6fb9179e, org.springframework.security.web.header.HeaderWriterFilter@236ec794, org.springframework.web.filter.CorsFilter@6b6d68d2, org.springframework.security.web.authentication.logout.LogoutFilter@22876aea, org.springframework.security.oauth2.client.web.OAuth2AuthorizationRequestRedirectFilter@7f1f6c22, org.springframework.security.oauth2.client.web.OAuth2LoginAuthenticationFilter@6f3628c2, org.springframework.security.web.savedrequest.RequestCacheAwareFilter@7b338d46, org.springframework.security.web.servletapi.SecurityContextHolderAwareRequestFilter@19fc48a0, org.springframework.security.web.authentication.AnonymousAuthenticationFilter@c8d0ea3, org.springframework.security.web.access.ExceptionTranslationFilter@5c8adab7, org.springframework.security.web.access.intercept.AuthorizationFilter@50853850]
2024-06-05T11:21:10.974+09:00  INFO 22156 --- [demo] [main] o.s.b.w.embedded.tomcat.TomcatWebServer  : Tomcat started on port 8080 (http) with context path ''
2024-06-05T11:21:10.985+09:00  INFO 22156 --- [demo] [main] dance.withgnu.demo.DemoApplication       : Started DemoApplication in 9.668 seconds (process running for 11.539)
2024-06-05T11:25:36.726+09:00  INFO 22156 --- [demo] [http-nio-8080-exec-2] o.a.c.c.C.[Tomcat].[localhost].[/]       : Initializing Spring DispatcherServlet 'dispatcherServlet'
2024-06-05T11:25:36.727+09:00  INFO 22156 --- [demo] [http-nio-8080-exec-2] o.s.web.servlet.DispatcherServlet        : Initializing Servlet 'dispatcherServlet'
2024-06-05T11:25:36.728+09:00  INFO 22156 --- [demo] [http-nio-8080-exec-2] o.s.web.servlet.DispatcherServlet        : Completed initialization in 1 ms
2024-06-05T11:45:30.367+09:00  INFO 22156 --- [demo] [SpringApplicationShutdownHook] j.LocalContainerEntityManagerFactoryBean : Closing JPA EntityManagerFactory for persistence unit 'default'
2024-06-05T11:45:30.372+09:00  INFO 22156 --- [demo] [SpringApplicationShutdownHook] com.zaxxer.hikari.HikariDataSource       : HikariPool-1 - Shutdown initiated...
2024-06-05T11:45:30.380+09:00  INFO 22156 --- [demo] [SpringApplicationShutdownHook] com.zaxxer.hikari.HikariDataSource       : HikariPool-1 - Shutdown completed.
2024-06-05T11:45:39.158+09:00  INFO 20136 --- [demo] [main] dance.withgnu.demo.DemoApplication       : Starting DemoApplication using Java 17.0.9 with PID 20136 (C:\Users\82105\Downloads\Desktop\DanceWithGnu\demo\build\classes\java\main started by 82105 in C:\Users\82105\Downloads\Desktop\DanceWithGnu\demo)
2024-06-05T11:45:39.162+09:00  INFO 20136 --- [demo] [main] dance.withgnu.demo.DemoApplication       : No active profile set, falling back to 1 default profile: "default"
2024-06-05T11:45:40.411+09:00  INFO 20136 --- [demo] [main] .s.d.r.c.RepositoryConfigurationDelegate : Bootstrapping Spring Data JPA repositories in DEFAULT mode.
2024-06-05T11:45:40.591+09:00  INFO 20136 --- [demo] [main] .s.d.r.c.RepositoryConfigurationDelegate : Finished Spring Data repository scanning in 165 ms. Found 6 JPA repository interfaces.
2024-06-05T11:45:41.402+09:00  INFO 20136 --- [demo] [main] o.s.b.w.embedded.tomcat.TomcatWebServer  : Tomcat initialized with port 8080 (http)
2024-06-05T11:45:41.420+09:00  INFO 20136 --- [demo] [main] o.apache.catalina.core.StandardService   : Starting service [Tomcat]
2024-06-05T11:45:41.420+09:00  INFO 20136 --- [demo] [main] o.apache.catalina.core.StandardEngine    : Starting Servlet engine: [Apache Tomcat/10.1.20]
2024-06-05T11:45:41.548+09:00  INFO 20136 --- [demo] [main] o.a.c.c.C.[Tomcat].[localhost].[/]       : Initializing Spring embedded WebApplicationContext
2024-06-05T11:45:41.549+09:00  INFO 20136 --- [demo] [main] w.s.c.ServletWebServerApplicationContext : Root WebApplicationContext: initialization completed in 2332 ms
2024-06-05T11:45:41.784+09:00  INFO 20136 --- [demo] [main] o.hibernate.jpa.internal.util.LogHelper  : HHH000204: Processing PersistenceUnitInfo [name: default]
2024-06-05T11:45:41.903+09:00  INFO 20136 --- [demo] [main] org.hibernate.Version                    : HHH000412: Hibernate ORM core version 6.4.4.Final
2024-06-05T11:45:41.958+09:00  INFO 20136 --- [demo] [main] o.h.c.internal.RegionFactoryInitiator    : HHH000026: Second-level cache disabled
2024-06-05T11:45:42.384+09:00  INFO 20136 --- [demo] [main] o.s.o.j.p.SpringPersistenceUnitInfo      : No LoadTimeWeaver setup: ignoring JPA class transformer
2024-06-05T11:45:42.428+09:00  INFO 20136 --- [demo] [main] com.zaxxer.hikari.HikariDataSource       : HikariPool-1 - Starting...
2024-06-05T11:45:42.982+09:00  INFO 20136 --- [demo] [main] com.zaxxer.hikari.pool.HikariPool        : HikariPool-1 - Added connection com.mysql.cj.jdbc.ConnectionImpl@3e9b3b3c
2024-06-05T11:45:42.985+09:00  INFO 20136 --- [demo] [main] com.zaxxer.hikari.HikariDataSource       : HikariPool-1 - Start completed.
2024-06-05T11:45:43.026+09:00  WARN 20136 --- [demo] [main] org.hibernate.orm.deprecation            : HHH90000025: MySQL8Dialect does not need to be specified explicitly using 'hibernate.dialect' (remove the property setting and it will be selected by default)
2024-06-05T11:45:43.027+09:00  WARN 20136 --- [demo] [main] org.hibernate.orm.deprecation            : HHH90000026: MySQL8Dialect has been deprecated; use org.hibernate.dialect.MySQLDialect instead
2024-06-05T11:45:44.366+09:00  INFO 20136 --- [demo] [main] o.h.e.t.j.p.i.JtaPlatformInitiator       : HHH000489: No JTA platform available (set 'hibernate.transaction.jta.platform' to enable JTA platform integration)
2024-06-05T11:45:44.484+09:00  INFO 20136 --- [demo] [main] j.LocalContainerEntityManagerFactoryBean : Initialized JPA EntityManagerFactory for persistence unit 'default'
2024-06-05T11:45:44.808+09:00  INFO 20136 --- [demo] [main] o.s.d.j.r.query.QueryEnhancerFactory     : Hibernate is in classpath; If applicable, HQL parser will be used.
2024-06-05T11:45:46.150+09:00  WARN 20136 --- [demo] [main] JpaBaseConfiguration$JpaWebConfiguration : spring.jpa.open-in-view is enabled by default. Therefore, database queries may be performed during view rendering. Explicitly configure spring.jpa.open-in-view to disable this warning
2024-06-05T11:45:47.406+09:00  INFO 20136 --- [demo] [main] o.s.s.web.DefaultSecurityFilterChain     : Will secure any request with [org.springframework.security.web.session.DisableEncodeUrlFilter@69ab1abc, org.springframework.security.web.context.request.async.WebAsyncManagerIntegrationFilter@22f10ff6, org.springframework.security.web.context.SecurityContextHolderFilter@79658fe5, org.springframework.security.web.header.HeaderWriterFilter@73e3831e, org.springframework.web.filter.CorsFilter@6ff185a3, org.springframework.security.web.authentication.logout.LogoutFilter@5e8b5e7d, org.springframework.security.oauth2.client.web.OAuth2AuthorizationRequestRedirectFilter@50564f77, org.springframework.security.oauth2.client.web.OAuth2LoginAuthenticationFilter@7b338d46, org.springframework.security.web.savedrequest.RequestCacheAwareFilter@554a30fc, org.springframework.security.web.servletapi.SecurityContextHolderAwareRequestFilter@2e00ad90, org.springframework.security.web.authentication.AnonymousAuthenticationFilter@320d98f5, org.springframework.security.web.access.ExceptionTranslationFilter@47b7bcb6, org.springframework.security.web.access.intercept.AuthorizationFilter@3a5c472]
2024-06-05T11:45:47.816+09:00  INFO 20136 --- [demo] [main] o.s.b.w.embedded.tomcat.TomcatWebServer  : Tomcat started on port 8080 (http) with context path ''
2024-06-05T11:45:47.827+09:00  INFO 20136 --- [demo] [main] dance.withgnu.demo.DemoApplication       : Started DemoApplication in 9.401 seconds (process running for 10.508)
2024-06-05T11:46:08.545+09:00  INFO 20136 --- [demo] [http-nio-8080-exec-2] o.a.c.c.C.[Tomcat].[localhost].[/]       : Initializing Spring DispatcherServlet 'dispatcherServlet'
2024-06-05T11:46:08.545+09:00  INFO 20136 --- [demo] [http-nio-8080-exec-2] o.s.web.servlet.DispatcherServlet        : Initializing Servlet 'dispatcherServlet'
2024-06-05T11:46:08.547+09:00  INFO 20136 --- [demo] [http-nio-8080-exec-2] o.s.web.servlet.DispatcherServlet        : Completed initialization in 0 ms
2024-06-05T11:50:07.778+09:00  INFO 20136 --- [demo] [SpringApplicationShutdownHook] j.LocalContainerEntityManagerFactoryBean : Closing JPA EntityManagerFactory for persistence unit 'default'
2024-06-05T11:50:07.782+09:00  INFO 20136 --- [demo] [SpringApplicationShutdownHook] com.zaxxer.hikari.HikariDataSource       : HikariPool-1 - Shutdown initiated...
2024-06-05T11:50:07.793+09:00  INFO 20136 --- [demo] [SpringApplicationShutdownHook] com.zaxxer.hikari.HikariDataSource       : HikariPool-1 - Shutdown completed.
2024-06-05T11:50:15.237+09:00  INFO 19192 --- [demo] [main] dance.withgnu.demo.DemoApplication       : Starting DemoApplication using Java 17.0.9 with PID 19192 (C:\Users\82105\Downloads\Desktop\DanceWithGnu\demo\build\classes\java\main started by 82105 in C:\Users\82105\Downloads\Desktop\DanceWithGnu\demo)
2024-06-05T11:50:15.241+09:00  INFO 19192 --- [demo] [main] dance.withgnu.demo.DemoApplication       : No active profile set, falling back to 1 default profile: "default"
2024-06-05T11:50:16.383+09:00  INFO 19192 --- [demo] [main] .s.d.r.c.RepositoryConfigurationDelegate : Bootstrapping Spring Data JPA repositories in DEFAULT mode.
2024-06-05T11:50:16.517+09:00  INFO 19192 --- [demo] [main] .s.d.r.c.RepositoryConfigurationDelegate : Finished Spring Data repository scanning in 125 ms. Found 6 JPA repository interfaces.
2024-06-05T11:50:17.207+09:00  INFO 19192 --- [demo] [main] o.s.b.w.embedded.tomcat.TomcatWebServer  : Tomcat initialized with port 8080 (http)
2024-06-05T11:50:17.222+09:00  INFO 19192 --- [demo] [main] o.apache.catalina.core.StandardService   : Starting service [Tomcat]
2024-06-05T11:50:17.223+09:00  INFO 19192 --- [demo] [main] o.apache.catalina.core.StandardEngine    : Starting Servlet engine: [Apache Tomcat/10.1.20]
2024-06-05T11:50:17.338+09:00  INFO 19192 --- [demo] [main] o.a.c.c.C.[Tomcat].[localhost].[/]       : Initializing Spring embedded WebApplicationContext
2024-06-05T11:50:17.339+09:00  INFO 19192 --- [demo] [main] w.s.c.ServletWebServerApplicationContext : Root WebApplicationContext: initialization completed in 2047 ms
2024-06-05T11:50:17.571+09:00  INFO 19192 --- [demo] [main] o.hibernate.jpa.internal.util.LogHelper  : HHH000204: Processing PersistenceUnitInfo [name: default]
2024-06-05T11:50:17.677+09:00  INFO 19192 --- [demo] [main] org.hibernate.Version                    : HHH000412: Hibernate ORM core version 6.4.4.Final
2024-06-05T11:50:17.731+09:00  INFO 19192 --- [demo] [main] o.h.c.internal.RegionFactoryInitiator    : HHH000026: Second-level cache disabled
2024-06-05T11:50:18.117+09:00  INFO 19192 --- [demo] [main] o.s.o.j.p.SpringPersistenceUnitInfo      : No LoadTimeWeaver setup: ignoring JPA class transformer
2024-06-05T11:50:18.159+09:00  INFO 19192 --- [demo] [main] com.zaxxer.hikari.HikariDataSource       : HikariPool-1 - Starting...
2024-06-05T11:50:18.654+09:00  INFO 19192 --- [demo] [main] com.zaxxer.hikari.pool.HikariPool        : HikariPool-1 - Added connection com.mysql.cj.jdbc.ConnectionImpl@5fb514c2
2024-06-05T11:50:18.658+09:00  INFO 19192 --- [demo] [main] com.zaxxer.hikari.HikariDataSource       : HikariPool-1 - Start completed.
2024-06-05T11:50:18.693+09:00  WARN 19192 --- [demo] [main] org.hibernate.orm.deprecation            : HHH90000025: MySQL8Dialect does not need to be specified explicitly using 'hibernate.dialect' (remove the property setting and it will be selected by default)
2024-06-05T11:50:18.694+09:00  WARN 19192 --- [demo] [main] org.hibernate.orm.deprecation            : HHH90000026: MySQL8Dialect has been deprecated; use org.hibernate.dialect.MySQLDialect instead
2024-06-05T11:50:19.950+09:00  INFO 19192 --- [demo] [main] o.h.e.t.j.p.i.JtaPlatformInitiator       : HHH000489: No JTA platform available (set 'hibernate.transaction.jta.platform' to enable JTA platform integration)
2024-06-05T11:50:20.072+09:00  INFO 19192 --- [demo] [main] j.LocalContainerEntityManagerFactoryBean : Initialized JPA EntityManagerFactory for persistence unit 'default'
2024-06-05T11:50:20.450+09:00  INFO 19192 --- [demo] [main] o.s.d.j.r.query.QueryEnhancerFactory     : Hibernate is in classpath; If applicable, HQL parser will be used.
2024-06-05T11:50:21.680+09:00  WARN 19192 --- [demo] [main] JpaBaseConfiguration$JpaWebConfiguration : spring.jpa.open-in-view is enabled by default. Therefore, database queries may be performed during view rendering. Explicitly configure spring.jpa.open-in-view to disable this warning
2024-06-05T11:50:22.842+09:00  INFO 19192 --- [demo] [main] o.s.s.web.DefaultSecurityFilterChain     : Will secure any request with [org.springframework.security.web.session.DisableEncodeUrlFilter@4a596fc1, org.springframework.security.web.context.request.async.WebAsyncManagerIntegrationFilter@144d8c4f, org.springframework.security.web.context.SecurityContextHolderFilter@61ac8777, org.springframework.security.web.header.HeaderWriterFilter@2e00ad90, org.springframework.web.filter.CorsFilter@7cb81ae, org.springframework.security.web.authentication.logout.LogoutFilter@1b54ae72, org.springframework.security.oauth2.client.web.OAuth2AuthorizationRequestRedirectFilter@75d70348, org.springframework.security.oauth2.client.web.OAuth2LoginAuthenticationFilter@22f10ff6, org.springframework.security.web.savedrequest.RequestCacheAwareFilter@490fa135, org.springframework.security.web.servletapi.SecurityContextHolderAwareRequestFilter@94d4dd, org.springframework.security.web.authentication.AnonymousAuthenticationFilter@1f6b9ab7, org.springframework.security.web.access.ExceptionTranslationFilter@16f108a4, org.springframework.security.web.access.intercept.AuthorizationFilter@236ec794]
2024-06-05T11:50:23.241+09:00  INFO 19192 --- [demo] [main] o.s.b.w.embedded.tomcat.TomcatWebServer  : Tomcat started on port 8080 (http) with context path ''
2024-06-05T11:50:23.253+09:00  INFO 19192 --- [demo] [main] dance.withgnu.demo.DemoApplication       : Started DemoApplication in 8.69 seconds (process running for 9.817)
2024-06-05T11:50:57.098+09:00  INFO 19192 --- [demo] [http-nio-8080-exec-2] o.a.c.c.C.[Tomcat].[localhost].[/]       : Initializing Spring DispatcherServlet 'dispatcherServlet'
2024-06-05T11:50:57.098+09:00  INFO 19192 --- [demo] [http-nio-8080-exec-2] o.s.web.servlet.DispatcherServlet        : Initializing Servlet 'dispatcherServlet'
2024-06-05T11:50:57.100+09:00  INFO 19192 --- [demo] [http-nio-8080-exec-2] o.s.web.servlet.DispatcherServlet        : Completed initialization in 2 ms
2024-06-05T12:10:07.980+09:00  INFO 19192 --- [demo] [http-nio-8080-exec-4] o.springdoc.api.AbstractOpenApiResource  : Init duration for springdoc-openapi is: 352 ms
2024-06-05T12:26:10.487+09:00  INFO 19192 --- [demo] [SpringApplicationShutdownHook] j.LocalContainerEntityManagerFactoryBean : Closing JPA EntityManagerFactory for persistence unit 'default'
2024-06-05T12:26:10.503+09:00  INFO 19192 --- [demo] [SpringApplicationShutdownHook] com.zaxxer.hikari.HikariDataSource       : HikariPool-1 - Shutdown initiated...
2024-06-05T12:26:10.504+09:00  INFO 19192 --- [demo] [SpringApplicationShutdownHook] com.zaxxer.hikari.HikariDataSource       : HikariPool-1 - Shutdown completed.
